<?xml version="1.0" encoding="UTF-8"?>
<testng-results ignored="0" total="1" passed="1" failed="0" skipped="0">
  <reporter-output>
  </reporter-output>
  <suite started-at="2026-07-03T23:18:58 IST" name="Default suite" finished-at="2026-07-03T23:19:15 IST" duration-ms="17732">
    <groups>
    </groups>
    <test started-at="2026-07-03T23:18:58 IST" name="Default test" finished-at="2026-07-03T23:19:15 IST" duration-ms="17732">
      <class name="JAVA_CLass.Login">
        <test-method is-config="true" signature="setup()[pri:0, instance:JAVA_CLass.Login@443118b0]" started-at="2026-07-03T23:18:58 IST" name="setup" finished-at="2026-07-03T23:19:06 IST" duration-ms="7770" status="PASS">
          <reporter-output>
          </reporter-output>
        </test-method> <!-- setup -->
        <test-method signature="test()[pri:0, instance:JAVA_CLass.Login@443118b0]" started-at="2026-07-03T23:19:06 IST" name="test" finished-at="2026-07-03T23:19:14 IST" duration-ms="8041" status="PASS">
          <reporter-output>
          </reporter-output>
        </test-method> <!-- test -->
        <test-method is-config="true" signature="teardown()[pri:0, instance:JAVA_CLass.Login@443118b0]" started-at="2026-07-03T23:19:14 IST" name="teardown" finished-at="2026-07-03T23:19:15 IST" duration-ms="1763" status="PASS">
          <reporter-output>
          </reporter-output>
        </test-method> <!-- teardown -->
      </class> <!-- JAVA_CLass.Login -->
    </test> <!-- Default test -->
  </suite> <!-- Default suite -->
</testng-results>
