<?xml version="1.0" encoding="UTF-8"?>
<testng-results ignored="0" total="1" passed="1" failed="0" skipped="0">
  <reporter-output>
  </reporter-output>
  <suite started-at="2026-07-02T23:40:33 IST" name="Suite" finished-at="2026-07-02T23:41:37 IST" duration-ms="63752">
    <groups>
    </groups>
    <test started-at="2026-07-02T23:40:33 IST" name="Test" finished-at="2026-07-02T23:41:37 IST" duration-ms="63752">
      <class name="JAVA_CLass.Login">
        <test-method is-config="true" signature="setup()[pri:0, instance:JAVA_CLass.Login@38d8f54a]" started-at="2026-07-02T23:40:33 IST" name="setup" finished-at="2026-07-02T23:41:34 IST" duration-ms="60164" status="PASS">
          <reporter-output>
          </reporter-output>
        </test-method> <!-- setup -->
        <test-method signature="test()[pri:0, instance:JAVA_CLass.Login@38d8f54a]" started-at="2026-07-02T23:41:34 IST" name="test" finished-at="2026-07-02T23:41:34 IST" duration-ms="782" status="PASS">
          <reporter-output>
          </reporter-output>
        </test-method> <!-- test -->
        <test-method is-config="true" signature="teardown()[pri:0, instance:JAVA_CLass.Login@38d8f54a]" started-at="2026-07-02T23:41:34 IST" name="teardown" finished-at="2026-07-02T23:41:37 IST" duration-ms="2654" status="PASS">
          <reporter-output>
          </reporter-output>
        </test-method> <!-- teardown -->
      </class> <!-- JAVA_CLass.Login -->
    </test> <!-- Test -->
  </suite> <!-- Suite -->
</testng-results>
